<?xml version="1.0" encoding="UTF-8"?>
<testng-results skipped="0" failed="0" ignored="0" total="1" passed="1">
  <reporter-output>
  </reporter-output>
  <suite name="Default suite" duration-ms="8534" started-at="2017-05-07T06:40:35Z" finished-at="2017-05-07T06:40:43Z">
    <groups>
    </groups>
    <test name="Default test" duration-ms="8534" started-at="2017-05-07T06:40:35Z" finished-at="2017-05-07T06:40:43Z">
      <class name="Alpha.basics5">
        <test-method status="PASS" signature="properties()[pri:0, instance:Alpha.basics5@370736d9]" name="properties" is-config="true" duration-ms="27" started-at="2017-05-07T12:10:35Z" finished-at="2017-05-07T12:10:35Z">
          <reporter-output>
          </reporter-output>
        </test-method> <!-- properties -->
        <test-method status="PASS" signature="getData()[pri:0, instance:Alpha.basics5@370736d9]" name="getData" duration-ms="8442" started-at="2017-05-07T12:10:35Z" finished-at="2017-05-07T12:10:43Z">
          <reporter-output>
          </reporter-output>
        </test-method> <!-- getData -->
      </class> <!-- Alpha.basics5 -->
    </test> <!-- Default test -->
  </suite> <!-- Default suite -->
</testng-results>
